# JRE version: Java(TM) SE Runtime Environment (8.0_271-b09) (build 1.8.0_271-b09)
# Java VM: Java HotSpot(TM) 64-Bit Server VM (25.271-b09 mixed mode windows-amd64 compressed oops)
Heap:
 PSYoungGen      total 272896K, used 57168K [0x000000076b500000, 0x0000000789200000, 0x00000007c0000000)
  eden space 262144K, 20% used [0x000000076b500000,0x000000076e8dc1a8,0x000000077b500000)
  from space 10752K, 37% used [0x000000077b500000,0x000000077b8f8020,0x000000077bf80000)
  to   space 34304K, 0% used [0x0000000787080000,0x0000000787080000,0x0000000789200000)
 ParOldGen       total 175104K, used 53270K [0x00000006c1e00000, 0x00000006cc900000, 0x000000076b500000)
  object space 175104K, 30% used [0x00000006c1e00000,0x00000006c5205b58,0x00000006cc900000)
 Metaspace       used 5953K, capacity 6080K, committed 6400K, reserved 1056768K
  class space    used 658K, capacity 688K, committed 768K, reserved 1048576K
GC Heap History (10 events):
Event: 2.608 GC heap before
{Heap before GC invocations=5 (full 0):
 PSYoungGen      total 272896K, used 272864K [0x000000076b500000, 0x000000077ca00000, 0x00000007c0000000)
  eden space 262144K, 100% used [0x000000076b500000,0x000000077b500000,0x000000077b500000)
  from space 10752K, 99% used [0x000000077bf80000,0x000000077c9f8340,0x000000077ca00000)
  to   space 10752K, 0% used [0x000000077b500000,0x000000077b500000,0x000000077bf80000)
 ParOldGen       total 175104K, used 41861K [0x00000006c1e00000, 0x00000006cc900000, 0x000000076b500000)
  object space 175104K, 23% used [0x00000006c1e00000,0x00000006c46e1578,0x00000006cc900000)
 Metaspace       used 4609K, capacity 5268K, committed 5504K, reserved 1056768K
  class space    used 495K, capacity 528K, committed 640K, reserved 1048576K
Event: 2.624 GC heap after
Heap after GC invocations=5 (full 0):
 PSYoungGen      total 272896K, used 10736K [0x000000076b500000, 0x000000077ca00000, 0x00000007c0000000)
  eden space 262144K, 0% used [0x000000076b500000,0x000000076b500000,0x000000077b500000)
  from space 10752K, 99% used [0x000000077b500000,0x000000077bf7c2f0,0x000000077bf80000)
  to   space 10752K, 0% used [0x000000077bf80000,0x000000077bf80000,0x000000077ca00000)
 ParOldGen       total 175104K, used 42221K [0x00000006c1e00000, 0x00000006cc900000, 0x000000076b500000)
  object space 175104K, 24% used [0x00000006c1e00000,0x00000006c473b588,0x00000006cc900000)
 Metaspace       used 4609K, capacity 5268K, committed 5504K, reserved 1056768K
  class space    used 495K, capacity 528K, committed 640K, reserved 1048576K
}
Event: 3.031 GC heap before
{Heap before GC invocations=6 (full 0):
 PSYoungGen      total 272896K, used 272880K [0x000000076b500000, 0x000000077ca00000, 0x00000007c0000000)
  eden space 262144K, 100% used [0x000000076b500000,0x000000077b500000,0x000000077b500000)
  from space 10752K, 99% used [0x000000077b500000,0x000000077bf7c2f0,0x000000077bf80000)
  to   space 10752K, 0% used [0x000000077bf80000,0x000000077bf80000,0x000000077ca00000)
 ParOldGen       total 175104K, used 42221K [0x00000006c1e00000, 0x00000006cc900000, 0x000000076b500000)
  object space 175104K, 24% used [0x00000006c1e00000,0x00000006c473b588,0x00000006cc900000)
 Metaspace       used 4609K, capacity 5268K, committed 5504K, reserved 1056768K
  class space    used 495K, capacity 528K, committed 640K, reserved 1048576K
Event: 3.048 GC heap after
Heap after GC invocations=6 (full 0):
 PSYoungGen      total 272896K, used 10720K [0x000000076b500000, 0x000000077ca00000, 0x00000007c0000000)
  eden space 262144K, 0% used [0x000000076b500000,0x000000076b500000,0x000000077b500000)
  from space 10752K, 99% used [0x000000077bf80000,0x000000077c9f82e0,0x000000077ca00000)
  to   space 10752K, 0% used [0x000000077b500000,0x000000077b500000,0x000000077bf80000)
 ParOldGen       total 175104K, used 42485K [0x00000006c1e00000, 0x00000006cc900000, 0x000000076b500000)
  object space 175104K, 24% used [0x00000006c1e00000,0x00000006c477d588,0x00000006cc900000)
 Metaspace       used 4609K, capacity 5268K, committed 5504K, reserved 1056768K
  class space    used 495K, capacity 528K, committed 640K, reserved 1048576K
}
Event: 3.363 GC heap before
{Heap before GC invocations=7 (full 0):
 PSYoungGen      total 272896K, used 272864K [0x000000076b500000, 0x000000077ca00000, 0x00000007c0000000)
  eden space 262144K, 100% used [0x000000076b500000,0x000000077b500000,0x000000077b500000)
  from space 10752K, 99% used [0x000000077bf80000,0x000000077c9f82e0,0x000000077ca00000)
  to   space 10752K, 0% used [0x000000077b500000,0x000000077b500000,0x000000077bf80000)
 ParOldGen       total 175104K, used 42485K [0x00000006c1e00000, 0x00000006cc900000, 0x000000076b500000)
  object space 175104K, 24% used [0x00000006c1e00000,0x00000006c477d588,0x00000006cc900000)
 Metaspace       used 4609K, capacity 5268K, committed 5504K, reserved 1056768K
  class space    used 495K, capacity 528K, committed 640K, reserved 1048576K
Event: 3.376 GC heap after
Heap after GC invocations=7 (full 0):
 PSYoungGen      total 272896K, used 3488K [0x000000076b500000, 0x000000077ca00000, 0x00000007c0000000)
  eden space 262144K, 0% used [0x000000076b500000,0x000000076b500000,0x000000077b500000)
  from space 10752K, 32% used [0x000000077b500000,0x000000077b868140,0x000000077bf80000)
  to   space 10752K, 0% used [0x000000077bf80000,0x000000077bf80000,0x000000077ca00000)
 ParOldGen       total 175104K, used 50206K [0x00000006c1e00000, 0x00000006cc900000, 0x000000076b500000)
  object space 175104K, 28% used [0x00000006c1e00000,0x00000006c4f078c8,0x00000006cc900000)
 Metaspace       used 4609K, capacity 5268K, committed 5504K, reserved 1056768K
  class space    used 495K, capacity 528K, committed 640K, reserved 1048576K
}
Event: 3.734 GC heap before
{Heap before GC invocations=8 (full 0):
 PSYoungGen      total 272896K, used 265632K [0x000000076b500000, 0x000000077ca00000, 0x00000007c0000000)
  eden space 262144K, 100% used [0x000000076b500000,0x000000077b500000,0x000000077b500000)
  from space 10752K, 32% used [0x000000077b500000,0x000000077b868140,0x000000077bf80000)
  to   space 10752K, 0% used [0x000000077bf80000,0x000000077bf80000,0x000000077ca00000)
 ParOldGen       total 175104K, used 50206K [0x00000006c1e00000, 0x00000006cc900000, 0x000000076b500000)
  object space 175104K, 28% used [0x00000006c1e00000,0x00000006c4f078c8,0x00000006cc900000)
 Metaspace       used 4609K, capacity 5268K, committed 5504K, reserved 1056768K
  class space    used 495K, capacity 528K, committed 640K, reserved 1048576K
Event: 3.741 GC heap after
Heap after GC invocations=8 (full 0):
 PSYoungGen      total 272896K, used 1232K [0x000000076b500000, 0x000000077ca00000, 0x00000007c0000000)
  eden space 262144K, 0% used [0x000000076b500000,0x000000076b500000,0x000000077b500000)
  from space 10752K, 11% used [0x000000077bf80000,0x000000077c0b4010,0x000000077ca00000)
  to   space 10752K, 0% used [0x000000077b500000,0x000000077b500000,0x000000077bf80000)
 ParOldGen       total 175104K, used 52718K [0x00000006c1e00000, 0x00000006cc900000, 0x000000076b500000)
  object space 175104K, 30% used [0x00000006c1e00000,0x00000006c517bb58,0x00000006cc900000)
 Metaspace       used 4609K, capacity 5268K, committed 5504K, reserved 1056768K
  class space    used 495K, capacity 528K, committed 640K, reserved 1048576K
}
Event: 4.202 GC heap before
{Heap before GC invocations=9 (full 0):
 PSYoungGen      total 272896K, used 263376K [0x000000076b500000, 0x000000077ca00000, 0x00000007c0000000)
  eden space 262144K, 100% used [0x000000076b500000,0x000000077b500000,0x000000077b500000)
  from space 10752K, 11% used [0x000000077bf80000,0x000000077c0b4010,0x000000077ca00000)
  to   space 10752K, 0% used [0x000000077b500000,0x000000077b500000,0x000000077bf80000)
 ParOldGen       total 175104K, used 52718K [0x00000006c1e00000, 0x00000006cc900000, 0x000000076b500000)
  object space 175104K, 30% used [0x00000006c1e00000,0x00000006c517bb58,0x00000006cc900000)
 Metaspace       used 4615K, capacity 5268K, committed 5504K, reserved 1056768K
  class space    used 497K, capacity 528K, committed 640K, reserved 1048576K
Event: 4.211 GC heap after
Heap after GC invocations=9 (full 0):
 PSYoungGen      total 272896K, used 4064K [0x000000076b500000, 0x0000000789200000, 0x00000007c0000000)
  eden space 262144K, 0% used [0x000000076b500000,0x000000076b500000,0x000000077b500000)
  from space 10752K, 37% used [0x000000077b500000,0x000000077b8f8020,0x000000077bf80000)
  to   space 34304K, 0% used [0x0000000787080000,0x0000000787080000,0x0000000789200000)
 ParOldGen       total 175104K, used 53270K [0x00000006c1e00000, 0x00000006cc900000, 0x000000076b500000)
  object space 175104K, 30% used [0x00000006c1e00000,0x00000006c5205b58,0x00000006cc900000)
 Metaspace       used 4615K, capacity 5268K, committed 5504K, reserved 1056768K
  class space    used 497K, capacity 528K, committed 640K, reserved 1048576K
}

