# JRE version: Java(TM) SE Runtime Environment (8.0_271-b09) (build 1.8.0_271-b09)
# Java VM: Java HotSpot(TM) 64-Bit Server VM (25.271-b09 mixed mode windows-amd64 compressed oops)
Heap:
 PSYoungGen      total 557568K, used 331415K [0x000000076b500000, 0x00000007af700000, 0x00000007c0000000)
  eden space 524288K, 62% used [0x000000076b500000,0x000000077f341ca8,0x000000078b500000)
  from space 33280K, 16% used [0x000000078b500000,0x000000078ba64130,0x000000078d580000)
  to   space 33792K, 0% used [0x00000007ad600000,0x00000007ad600000,0x00000007af700000)
 ParOldGen       total 175104K, used 48506K [0x00000006c1e00000, 0x00000006cc900000, 0x000000076b500000)
  object space 175104K, 27% used [0x00000006c1e00000,0x00000006c4d5e988,0x00000006cc900000)
 Metaspace       used 5343K, capacity 5496K, committed 5760K, reserved 1056768K
  class space    used 574K, capacity 624K, committed 640K, reserved 1048576K
GC Heap History (10 events):
Event: 1.054 GC heap before
{Heap before GC invocations=3 (full 0):
 PSYoungGen      total 141824K, used 141792K [0x000000076b500000, 0x0000000774a00000, 0x00000007c0000000)
  eden space 131072K, 100% used [0x000000076b500000,0x0000000773500000,0x0000000773500000)
  from space 10752K, 99% used [0x0000000773f80000,0x00000007749f81e0,0x0000000774a00000)
  to   space 10752K, 0% used [0x0000000773500000,0x0000000773500000,0x0000000773f80000)
 ParOldGen       total 175104K, used 23269K [0x00000006c1e00000, 0x00000006cc900000, 0x000000076b500000)
  object space 175104K, 13% used [0x00000006c1e00000,0x00000006c34b9638,0x00000006cc900000)
 Metaspace       used 4589K, capacity 5268K, committed 5504K, reserved 1056768K
  class space    used 496K, capacity 528K, committed 640K, reserved 1048576K
Event: 1.074 GC heap after
Heap after GC invocations=3 (full 0):
 PSYoungGen      total 141824K, used 10720K [0x000000076b500000, 0x000000077ca00000, 0x00000007c0000000)
  eden space 131072K, 0% used [0x000000076b500000,0x000000076b500000,0x0000000773500000)
  from space 10752K, 99% used [0x0000000773500000,0x0000000773f78340,0x0000000773f80000)
  to   space 10752K, 0% used [0x000000077bf80000,0x000000077bf80000,0x000000077ca00000)
 ParOldGen       total 175104K, used 41725K [0x00000006c1e00000, 0x00000006cc900000, 0x000000076b500000)
  object space 175104K, 23% used [0x00000006c1e00000,0x00000006c46bf658,0x00000006cc900000)
 Metaspace       used 4589K, capacity 5268K, committed 5504K, reserved 1056768K
  class space    used 496K, capacity 528K, committed 640K, reserved 1048576K
}
Event: 1.197 GC heap before
{Heap before GC invocations=4 (full 0):
 PSYoungGen      total 141824K, used 141792K [0x000000076b500000, 0x000000077ca00000, 0x00000007c0000000)
  eden space 131072K, 100% used [0x000000076b500000,0x0000000773500000,0x0000000773500000)
  from space 10752K, 99% used [0x0000000773500000,0x0000000773f78340,0x0000000773f80000)
  to   space 10752K, 0% used [0x000000077bf80000,0x000000077bf80000,0x000000077ca00000)
 ParOldGen       total 175104K, used 41725K [0x00000006c1e00000, 0x00000006cc900000, 0x000000076b500000)
  object space 175104K, 23% used [0x00000006c1e00000,0x00000006c46bf658,0x00000006cc900000)
 Metaspace       used 4611K, capacity 5268K, committed 5504K, reserved 1056768K
  class space    used 496K, capacity 528K, committed 640K, reserved 1048576K
Event: 1.204 GC heap after
Heap after GC invocations=4 (full 0):
 PSYoungGen      total 272896K, used 10720K [0x000000076b500000, 0x000000077ca00000, 0x00000007c0000000)
  eden space 262144K, 0% used [0x000000076b500000,0x000000076b500000,0x000000077b500000)
  from space 10752K, 99% used [0x000000077bf80000,0x000000077c9f82e0,0x000000077ca00000)
  to   space 10752K, 0% used [0x000000077b500000,0x000000077b500000,0x000000077bf80000)
 ParOldGen       total 175104K, used 41925K [0x00000006c1e00000, 0x00000006cc900000, 0x000000076b500000)
  object space 175104K, 23% used [0x00000006c1e00000,0x00000006c46f1658,0x00000006cc900000)
 Metaspace       used 4611K, capacity 5268K, committed 5504K, reserved 1056768K
  class space    used 496K, capacity 528K, committed 640K, reserved 1048576K
}
Event: 1.497 GC heap before
{Heap before GC invocations=5 (full 0):
 PSYoungGen      total 272896K, used 272864K [0x000000076b500000, 0x000000077ca00000, 0x00000007c0000000)
  eden space 262144K, 100% used [0x000000076b500000,0x000000077b500000,0x000000077b500000)
  from space 10752K, 99% used [0x000000077bf80000,0x000000077c9f82e0,0x000000077ca00000)
  to   space 10752K, 0% used [0x000000077b500000,0x000000077b500000,0x000000077bf80000)
 ParOldGen       total 175104K, used 41925K [0x00000006c1e00000, 0x00000006cc900000, 0x000000076b500000)
  object space 175104K, 23% used [0x00000006c1e00000,0x00000006c46f1658,0x00000006cc900000)
 Metaspace       used 4611K, capacity 5268K, committed 5504K, reserved 1056768K
  class space    used 496K, capacity 528K, committed 640K, reserved 1048576K
Event: 1.507 GC heap after
Heap after GC invocations=5 (full 0):
 PSYoungGen      total 272896K, used 10720K [0x000000076b500000, 0x000000078f600000, 0x00000007c0000000)
  eden space 262144K, 0% used [0x000000076b500000,0x000000076b500000,0x000000077b500000)
  from space 10752K, 99% used [0x000000077b500000,0x000000077bf78320,0x000000077bf80000)
  to   space 33280K, 0% used [0x000000078d580000,0x000000078d580000,0x000000078f600000)
 ParOldGen       total 175104K, used 42249K [0x00000006c1e00000, 0x00000006cc900000, 0x000000076b500000)
  object space 175104K, 24% used [0x00000006c1e00000,0x00000006c4742678,0x00000006cc900000)
 Metaspace       used 4611K, capacity 5268K, committed 5504K, reserved 1056768K
  class space    used 496K, capacity 528K, committed 640K, reserved 1048576K
}
Event: 1.743 GC heap before
{Heap before GC invocations=6 (full 0):
 PSYoungGen      total 272896K, used 272864K [0x000000076b500000, 0x000000078f600000, 0x00000007c0000000)
  eden space 262144K, 100% used [0x000000076b500000,0x000000077b500000,0x000000077b500000)
  from space 10752K, 99% used [0x000000077b500000,0x000000077bf78320,0x000000077bf80000)
  to   space 33280K, 0% used [0x000000078d580000,0x000000078d580000,0x000000078f600000)
 ParOldGen       total 175104K, used 42249K [0x00000006c1e00000, 0x00000006cc900000, 0x000000076b500000)
  object space 175104K, 24% used [0x00000006c1e00000,0x00000006c4742678,0x00000006cc900000)
 Metaspace       used 4611K, capacity 5268K, committed 5504K, reserved 1056768K
  class space    used 496K, capacity 528K, committed 640K, reserved 1048576K
Event: 1.751 GC heap after
Heap after GC invocations=6 (full 0):
 PSYoungGen      total 557568K, used 11104K [0x000000076b500000, 0x000000078f600000, 0x00000007c0000000)
  eden space 524288K, 0% used [0x000000076b500000,0x000000076b500000,0x000000078b500000)
  from space 33280K, 33% used [0x000000078d580000,0x000000078e0582e0,0x000000078f600000)
  to   space 33280K, 0% used [0x000000078b500000,0x000000078b500000,0x000000078d580000)
 ParOldGen       total 175104K, used 42249K [0x00000006c1e00000, 0x00000006cc900000, 0x000000076b500000)
  object space 175104K, 24% used [0x00000006c1e00000,0x00000006c4742678,0x00000006cc900000)
 Metaspace       used 4611K, capacity 5268K, committed 5504K, reserved 1056768K
  class space    used 496K, capacity 528K, committed 640K, reserved 1048576K
}
Event: 2.292 GC heap before
{Heap before GC invocations=7 (full 0):
 PSYoungGen      total 557568K, used 535392K [0x000000076b500000, 0x000000078f600000, 0x00000007c0000000)
  eden space 524288K, 100% used [0x000000076b500000,0x000000078b500000,0x000000078b500000)
  from space 33280K, 33% used [0x000000078d580000,0x000000078e0582e0,0x000000078f600000)
  to   space 33280K, 0% used [0x000000078b500000,0x000000078b500000,0x000000078d580000)
 ParOldGen       total 175104K, used 42249K [0x00000006c1e00000, 0x00000006cc900000, 0x000000076b500000)
  object space 175104K, 24% used [0x00000006c1e00000,0x00000006c4742678,0x00000006cc900000)
 Metaspace       used 4611K, capacity 5268K, committed 5504K, reserved 1056768K
  class space    used 496K, capacity 528K, committed 640K, reserved 1048576K
Event: 2.303 GC heap after
Heap after GC invocations=7 (full 0):
 PSYoungGen      total 557568K, used 5520K [0x000000076b500000, 0x00000007af700000, 0x00000007c0000000)
  eden space 524288K, 0% used [0x000000076b500000,0x000000076b500000,0x000000078b500000)
  from space 33280K, 16% used [0x000000078b500000,0x000000078ba64130,0x000000078d580000)
  to   space 33792K, 0% used [0x00000007ad600000,0x00000007ad600000,0x00000007af700000)
 ParOldGen       total 175104K, used 48506K [0x00000006c1e00000, 0x00000006cc900000, 0x000000076b500000)
  object space 175104K, 27% used [0x00000006c1e00000,0x00000006c4d5e988,0x00000006cc900000)
 Metaspace       used 4611K, capacity 5268K, committed 5504K, reserved 1056768K
  class space    used 496K, capacity 528K, committed 640K, reserved 1048576K
}

