# JRE version: Java(TM) SE Runtime Environment (8.0_271-b09) (build 1.8.0_271-b09)
# Java VM: Java HotSpot(TM) 64-Bit Server VM (25.271-b09 mixed mode windows-amd64 compressed oops)
Heap:
 PSYoungGen      total 557056K, used 319896K [0x000000076b500000, 0x00000007af700000, 0x00000007c0000000)
  eden space 524288K, 59% used [0x000000076b500000,0x000000077e7ce248,0x000000078b500000)
  from space 32768K, 17% used [0x000000078b500000,0x000000078ba98160,0x000000078d500000)
  to   space 33792K, 0% used [0x00000007ad600000,0x00000007ad600000,0x00000007af700000)
 ParOldGen       total 175104K, used 48004K [0x00000006c1e00000, 0x00000006cc900000, 0x000000076b500000)
  object space 175104K, 27% used [0x00000006c1e00000,0x00000006c4ce10d0,0x00000006cc900000)
 Metaspace       used 5234K, capacity 5396K, committed 5504K, reserved 1056768K
  class space    used 563K, capacity 592K, committed 640K, reserved 1048576K
GC Heap History (10 events):
Event: 1.006 GC heap before
{Heap before GC invocations=3 (full 0):
 PSYoungGen      total 141824K, used 141808K [0x000000076b500000, 0x0000000774a00000, 0x00000007c0000000)
  eden space 131072K, 100% used [0x000000076b500000,0x0000000773500000,0x0000000773500000)
  from space 10752K, 99% used [0x0000000773f80000,0x00000007749fc190,0x0000000774a00000)
  to   space 10752K, 0% used [0x0000000773500000,0x0000000773500000,0x0000000773f80000)
 ParOldGen       total 175104K, used 23395K [0x00000006c1e00000, 0x00000006cc900000, 0x000000076b500000)
  object space 175104K, 13% used [0x00000006c1e00000,0x00000006c34d8da0,0x00000006cc900000)
 Metaspace       used 4585K, capacity 5268K, committed 5504K, reserved 1056768K
  class space    used 495K, capacity 528K, committed 640K, reserved 1048576K
Event: 1.026 GC heap after
Heap after GC invocations=3 (full 0):
 PSYoungGen      total 141824K, used 10736K [0x000000076b500000, 0x000000077ca00000, 0x00000007c0000000)
  eden space 131072K, 0% used [0x000000076b500000,0x000000076b500000,0x0000000773500000)
  from space 10752K, 99% used [0x0000000773500000,0x0000000773f7c330,0x0000000773f80000)
  to   space 10752K, 0% used [0x000000077bf80000,0x000000077bf80000,0x000000077ca00000)
 ParOldGen       total 175104K, used 41419K [0x00000006c1e00000, 0x00000006cc900000, 0x000000076b500000)
  object space 175104K, 23% used [0x00000006c1e00000,0x00000006c4672da0,0x00000006cc900000)
 Metaspace       used 4585K, capacity 5268K, committed 5504K, reserved 1056768K
  class space    used 495K, capacity 528K, committed 640K, reserved 1048576K
}
Event: 1.156 GC heap before
{Heap before GC invocations=4 (full 0):
 PSYoungGen      total 141824K, used 141808K [0x000000076b500000, 0x000000077ca00000, 0x00000007c0000000)
  eden space 131072K, 100% used [0x000000076b500000,0x0000000773500000,0x0000000773500000)
  from space 10752K, 99% used [0x0000000773500000,0x0000000773f7c330,0x0000000773f80000)
  to   space 10752K, 0% used [0x000000077bf80000,0x000000077bf80000,0x000000077ca00000)
 ParOldGen       total 175104K, used 41419K [0x00000006c1e00000, 0x00000006cc900000, 0x000000076b500000)
  object space 175104K, 23% used [0x00000006c1e00000,0x00000006c4672da0,0x00000006cc900000)
 Metaspace       used 4607K, capacity 5268K, committed 5504K, reserved 1056768K
  class space    used 495K, capacity 528K, committed 640K, reserved 1048576K
Event: 1.164 GC heap after
Heap after GC invocations=4 (full 0):
 PSYoungGen      total 272896K, used 10720K [0x000000076b500000, 0x000000077ca00000, 0x00000007c0000000)
  eden space 262144K, 0% used [0x000000076b500000,0x000000076b500000,0x000000077b500000)
  from space 10752K, 99% used [0x000000077bf80000,0x000000077c9f82e0,0x000000077ca00000)
  to   space 10752K, 0% used [0x000000077b500000,0x000000077b500000,0x000000077bf80000)
 ParOldGen       total 175104K, used 41683K [0x00000006c1e00000, 0x00000006cc900000, 0x000000076b500000)
  object space 175104K, 23% used [0x00000006c1e00000,0x00000006c46b4da0,0x00000006cc900000)
 Metaspace       used 4607K, capacity 5268K, committed 5504K, reserved 1056768K
  class space    used 495K, capacity 528K, committed 640K, reserved 1048576K
}
Event: 1.467 GC heap before
{Heap before GC invocations=5 (full 0):
 PSYoungGen      total 272896K, used 272864K [0x000000076b500000, 0x000000077ca00000, 0x00000007c0000000)
  eden space 262144K, 100% used [0x000000076b500000,0x000000077b500000,0x000000077b500000)
  from space 10752K, 99% used [0x000000077bf80000,0x000000077c9f82e0,0x000000077ca00000)
  to   space 10752K, 0% used [0x000000077b500000,0x000000077b500000,0x000000077bf80000)
 ParOldGen       total 175104K, used 41683K [0x00000006c1e00000, 0x00000006cc900000, 0x000000076b500000)
  object space 175104K, 23% used [0x00000006c1e00000,0x00000006c46b4da0,0x00000006cc900000)
 Metaspace       used 4608K, capacity 5268K, committed 5504K, reserved 1056768K
  class space    used 495K, capacity 528K, committed 640K, reserved 1048576K
Event: 1.476 GC heap after
Heap after GC invocations=5 (full 0):
 PSYoungGen      total 272896K, used 10736K [0x000000076b500000, 0x000000078f600000, 0x00000007c0000000)
  eden space 262144K, 0% used [0x000000076b500000,0x000000076b500000,0x000000077b500000)
  from space 10752K, 99% used [0x000000077b500000,0x000000077bf7c2f0,0x000000077bf80000)
  to   space 33280K, 0% used [0x000000078d580000,0x000000078d580000,0x000000078f600000)
 ParOldGen       total 175104K, used 42003K [0x00000006c1e00000, 0x00000006cc900000, 0x000000076b500000)
  object space 175104K, 23% used [0x00000006c1e00000,0x00000006c4704db0,0x00000006cc900000)
 Metaspace       used 4608K, capacity 5268K, committed 5504K, reserved 1056768K
  class space    used 495K, capacity 528K, committed 640K, reserved 1048576K
}
Event: 1.726 GC heap before
{Heap before GC invocations=6 (full 0):
 PSYoungGen      total 272896K, used 272880K [0x000000076b500000, 0x000000078f600000, 0x00000007c0000000)
  eden space 262144K, 100% used [0x000000076b500000,0x000000077b500000,0x000000077b500000)
  from space 10752K, 99% used [0x000000077b500000,0x000000077bf7c2f0,0x000000077bf80000)
  to   space 33280K, 0% used [0x000000078d580000,0x000000078d580000,0x000000078f600000)
 ParOldGen       total 175104K, used 42003K [0x00000006c1e00000, 0x00000006cc900000, 0x000000076b500000)
  object space 175104K, 23% used [0x00000006c1e00000,0x00000006c4704db0,0x00000006cc900000)
 Metaspace       used 4608K, capacity 5268K, committed 5504K, reserved 1056768K
  class space    used 495K, capacity 528K, committed 640K, reserved 1048576K
Event: 1.734 GC heap after
Heap after GC invocations=6 (full 0):
 PSYoungGen      total 556544K, used 11040K [0x000000076b500000, 0x000000078f500000, 0x00000007c0000000)
  eden space 524288K, 0% used [0x000000076b500000,0x000000076b500000,0x000000078b500000)
  from space 32256K, 34% used [0x000000078d580000,0x000000078e048300,0x000000078f500000)
  to   space 32768K, 0% used [0x000000078b500000,0x000000078b500000,0x000000078d500000)
 ParOldGen       total 175104K, used 42003K [0x00000006c1e00000, 0x00000006cc900000, 0x000000076b500000)
  object space 175104K, 23% used [0x00000006c1e00000,0x00000006c4704db0,0x00000006cc900000)
 Metaspace       used 4608K, capacity 5268K, committed 5504K, reserved 1056768K
  class space    used 495K, capacity 528K, committed 640K, reserved 1048576K
}
Event: 2.288 GC heap before
{Heap before GC invocations=7 (full 0):
 PSYoungGen      total 556544K, used 535328K [0x000000076b500000, 0x000000078f500000, 0x00000007c0000000)
  eden space 524288K, 100% used [0x000000076b500000,0x000000078b500000,0x000000078b500000)
  from space 32256K, 34% used [0x000000078d580000,0x000000078e048300,0x000000078f500000)
  to   space 32768K, 0% used [0x000000078b500000,0x000000078b500000,0x000000078d500000)
 ParOldGen       total 175104K, used 42003K [0x00000006c1e00000, 0x00000006cc900000, 0x000000076b500000)
  object space 175104K, 23% used [0x00000006c1e00000,0x00000006c4704db0,0x00000006cc900000)
 Metaspace       used 4608K, capacity 5268K, committed 5504K, reserved 1056768K
  class space    used 495K, capacity 528K, committed 640K, reserved 1048576K
Event: 2.299 GC heap after
Heap after GC invocations=7 (full 0):
 PSYoungGen      total 557056K, used 5728K [0x000000076b500000, 0x00000007af700000, 0x00000007c0000000)
  eden space 524288K, 0% used [0x000000076b500000,0x000000076b500000,0x000000078b500000)
  from space 32768K, 17% used [0x000000078b500000,0x000000078ba98160,0x000000078d500000)
  to   space 33792K, 0% used [0x00000007ad600000,0x00000007ad600000,0x00000007af700000)
 ParOldGen       total 175104K, used 48004K [0x00000006c1e00000, 0x00000006cc900000, 0x000000076b500000)
  object space 175104K, 27% used [0x00000006c1e00000,0x00000006c4ce10d0,0x00000006cc900000)
 Metaspace       used 4608K, capacity 5268K, committed 5504K, reserved 1056768K
  class space    used 495K, capacity 528K, committed 640K, reserved 1048576K
}

