# JRE version: Java(TM) SE Runtime Environment (8.0_271-b09) (build 1.8.0_271-b09)
# Java VM: Java HotSpot(TM) 64-Bit Server VM (25.271-b09 mixed mode windows-amd64 compressed oops)
Heap:
 PSYoungGen      total 290304K, used 205381K [0x000000076b500000, 0x000000077ee00000, 0x00000007c0000000)
  eden space 261632K, 78% used [0x000000076b500000,0x0000000777cdd450,0x000000077b480000)
  from space 28672K, 2% used [0x000000077d100000,0x000000077d1b4010,0x000000077ed00000)
  to   space 29184K, 0% used [0x000000077b480000,0x000000077b480000,0x000000077d100000)
 ParOldGen       total 175104K, used 54457K [0x00000006c1e00000, 0x00000006cc900000, 0x000000076b500000)
  object space 175104K, 31% used [0x00000006c1e00000,0x00000006c532e410,0x00000006cc900000)
 Metaspace       used 7445K, capacity 7556K, committed 7808K, reserved 1056768K
  class space    used 854K, capacity 880K, committed 896K, reserved 1048576K
GC Heap History (10 events):
Event: 2.433 GC heap before
{Heap before GC invocations=6 (full 0):
 PSYoungGen      total 141824K, used 141808K [0x000000076b500000, 0x000000077ed00000, 0x00000007c0000000)
  eden space 131072K, 100% used [0x000000076b500000,0x0000000773500000,0x0000000773500000)
  from space 10752K, 99% used [0x0000000773500000,0x0000000773f7c370,0x0000000773f80000)
  to   space 28672K, 0% used [0x000000077d100000,0x000000077d100000,0x000000077ed00000)
 ParOldGen       total 175104K, used 42935K [0x00000006c1e00000, 0x00000006cc900000, 0x000000076b500000)
  object space 175104K, 24% used [0x00000006c1e00000,0x00000006c47ede30,0x00000006cc900000)
 Metaspace       used 4662K, capacity 5268K, committed 5504K, reserved 1056768K
  class space    used 495K, capacity 528K, committed 640K, reserved 1048576K
Event: 2.445 GC heap after
Heap after GC invocations=6 (full 0):
 PSYoungGen      total 290304K, used 11024K [0x000000076b500000, 0x000000077ee00000, 0x00000007c0000000)
  eden space 261632K, 0% used [0x000000076b500000,0x000000076b500000,0x000000077b480000)
  from space 28672K, 38% used [0x000000077d100000,0x000000077dbc42f0,0x000000077ed00000)
  to   space 29184K, 0% used [0x000000077b480000,0x000000077b480000,0x000000077d100000)
 ParOldGen       total 175104K, used 42935K [0x00000006c1e00000, 0x00000006cc900000, 0x000000076b500000)
  object space 175104K, 24% used [0x00000006c1e00000,0x00000006c47ede30,0x00000006cc900000)
 Metaspace       used 4662K, capacity 5268K, committed 5504K, reserved 1056768K
  class space    used 495K, capacity 528K, committed 640K, reserved 1048576K
}
Event: 2.859 GC heap before
{Heap before GC invocations=7 (full 0):
 PSYoungGen      total 290304K, used 272656K [0x000000076b500000, 0x000000077ee00000, 0x00000007c0000000)
  eden space 261632K, 100% used [0x000000076b500000,0x000000077b480000,0x000000077b480000)
  from space 28672K, 38% used [0x000000077d100000,0x000000077dbc42f0,0x000000077ed00000)
  to   space 29184K, 0% used [0x000000077b480000,0x000000077b480000,0x000000077d100000)
 ParOldGen       total 175104K, used 42935K [0x00000006c1e00000, 0x00000006cc900000, 0x000000076b500000)
  object space 175104K, 24% used [0x00000006c1e00000,0x00000006c47ede30,0x00000006cc900000)
 Metaspace       used 4662K, capacity 5268K, committed 5504K, reserved 1056768K
  class space    used 495K, capacity 528K, committed 640K, reserved 1048576K
Event: 2.871 GC heap after
Heap after GC invocations=7 (full 0):
 PSYoungGen      total 290816K, used 5680K [0x000000076b500000, 0x000000077ee00000, 0x00000007c0000000)
  eden space 261632K, 0% used [0x000000076b500000,0x000000076b500000,0x000000077b480000)
  from space 29184K, 19% used [0x000000077b480000,0x000000077ba0c150,0x000000077d100000)
  to   space 28672K, 0% used [0x000000077d100000,0x000000077d100000,0x000000077ed00000)
 ParOldGen       total 175104K, used 48552K [0x00000006c1e00000, 0x00000006cc900000, 0x000000076b500000)
  object space 175104K, 27% used [0x00000006c1e00000,0x00000006c4d6a160,0x00000006cc900000)
 Metaspace       used 4662K, capacity 5268K, committed 5504K, reserved 1056768K
  class space    used 495K, capacity 528K, committed 640K, reserved 1048576K
}
Event: 3.153 GC heap before
{Heap before GC invocations=8 (full 0):
 PSYoungGen      total 290816K, used 267312K [0x000000076b500000, 0x000000077ee00000, 0x00000007c0000000)
  eden space 261632K, 100% used [0x000000076b500000,0x000000077b480000,0x000000077b480000)
  from space 29184K, 19% used [0x000000077b480000,0x000000077ba0c150,0x000000077d100000)
  to   space 28672K, 0% used [0x000000077d100000,0x000000077d100000,0x000000077ed00000)
 ParOldGen       total 175104K, used 48552K [0x00000006c1e00000, 0x00000006cc900000, 0x000000076b500000)
  object space 175104K, 27% used [0x00000006c1e00000,0x00000006c4d6a160,0x00000006cc900000)
 Metaspace       used 4662K, capacity 5268K, committed 5504K, reserved 1056768K
  class space    used 495K, capacity 528K, committed 640K, reserved 1048576K
Event: 3.160 GC heap after
Heap after GC invocations=8 (full 0):
 PSYoungGen      total 290304K, used 832K [0x000000076b500000, 0x000000077ee00000, 0x00000007c0000000)
  eden space 261632K, 0% used [0x000000076b500000,0x000000076b500000,0x000000077b480000)
  from space 28672K, 2% used [0x000000077d100000,0x000000077d1d0000,0x000000077ed00000)
  to   space 29184K, 0% used [0x000000077b480000,0x000000077b480000,0x000000077d100000)
 ParOldGen       total 175104K, used 53721K [0x00000006c1e00000, 0x00000006cc900000, 0x000000076b500000)
  object space 175104K, 30% used [0x00000006c1e00000,0x00000006c5276410,0x00000006cc900000)
 Metaspace       used 4662K, capacity 5268K, committed 5504K, reserved 1056768K
  class space    used 495K, capacity 528K, committed 640K, reserved 1048576K
}
Event: 3.482 GC heap before
{Heap before GC invocations=9 (full 0):
 PSYoungGen      total 290304K, used 262464K [0x000000076b500000, 0x000000077ee00000, 0x00000007c0000000)
  eden space 261632K, 100% used [0x000000076b500000,0x000000077b480000,0x000000077b480000)
  from space 28672K, 2% used [0x000000077d100000,0x000000077d1d0000,0x000000077ed00000)
  to   space 29184K, 0% used [0x000000077b480000,0x000000077b480000,0x000000077d100000)
 ParOldGen       total 175104K, used 53721K [0x00000006c1e00000, 0x00000006cc900000, 0x000000076b500000)
  object space 175104K, 30% used [0x00000006c1e00000,0x00000006c5276410,0x00000006cc900000)
 Metaspace       used 4662K, capacity 5268K, committed 5504K, reserved 1056768K
  class space    used 495K, capacity 528K, committed 640K, reserved 1048576K
Event: 3.483 GC heap after
Heap after GC invocations=9 (full 0):
 PSYoungGen      total 290816K, used 992K [0x000000076b500000, 0x000000077ee00000, 0x00000007c0000000)
  eden space 261632K, 0% used [0x000000076b500000,0x000000076b500000,0x000000077b480000)
  from space 29184K, 3% used [0x000000077b480000,0x000000077b578000,0x000000077d100000)
  to   space 28672K, 0% used [0x000000077d100000,0x000000077d100000,0x000000077ed00000)
 ParOldGen       total 175104K, used 53897K [0x00000006c1e00000, 0x00000006cc900000, 0x000000076b500000)
  object space 175104K, 30% used [0x00000006c1e00000,0x00000006c52a2410,0x00000006cc900000)
 Metaspace       used 4662K, capacity 5268K, committed 5504K, reserved 1056768K
  class space    used 495K, capacity 528K, committed 640K, reserved 1048576K
}
Event: 3.761 GC heap before
{Heap before GC invocations=10 (full 0):
 PSYoungGen      total 290816K, used 262624K [0x000000076b500000, 0x000000077ee00000, 0x00000007c0000000)
  eden space 261632K, 100% used [0x000000076b500000,0x000000077b480000,0x000000077b480000)
  from space 29184K, 3% used [0x000000077b480000,0x000000077b578000,0x000000077d100000)
  to   space 28672K, 0% used [0x000000077d100000,0x000000077d100000,0x000000077ed00000)
 ParOldGen       total 175104K, used 53897K [0x00000006c1e00000, 0x00000006cc900000, 0x000000076b500000)
  object space 175104K, 30% used [0x00000006c1e00000,0x00000006c52a2410,0x00000006cc900000)
 Metaspace       used 4662K, capacity 5268K, committed 5504K, reserved 1056768K
  class space    used 495K, capacity 528K, committed 640K, reserved 1048576K
Event: 3.762 GC heap after
Heap after GC invocations=10 (full 0):
 PSYoungGen      total 290304K, used 720K [0x000000076b500000, 0x000000077ee00000, 0x00000007c0000000)
  eden space 261632K, 0% used [0x000000076b500000,0x000000076b500000,0x000000077b480000)
  from space 28672K, 2% used [0x000000077d100000,0x000000077d1b4010,0x000000077ed00000)
  to   space 29184K, 0% used [0x000000077b480000,0x000000077b480000,0x000000077d100000)
 ParOldGen       total 175104K, used 54457K [0x00000006c1e00000, 0x00000006cc900000, 0x000000076b500000)
  object space 175104K, 31% used [0x00000006c1e00000,0x00000006c532e410,0x00000006cc900000)
 Metaspace       used 4662K, capacity 5268K, committed 5504K, reserved 1056768K
  class space    used 495K, capacity 528K, committed 640K, reserved 1048576K
}

