# JRE version: Java(TM) SE Runtime Environment (8.0_271-b09) (build 1.8.0_271-b09)
# Java VM: Java HotSpot(TM) 64-Bit Server VM (25.271-b09 mixed mode windows-amd64 compressed oops)
Heap:
 PSYoungGen      total 560128K, used 354175K [0x000000076b500000, 0x00000007afc00000, 0x00000007c0000000)
  eden space 524288K, 66% used [0x000000076b500000,0x0000000780887e40,0x000000078b500000)
  from space 35840K, 18% used [0x000000078b500000,0x000000078bb58160,0x000000078d800000)
  to   space 36352K, 0% used [0x00000007ad880000,0x00000007ad880000,0x00000007afc00000)
 ParOldGen       total 175104K, used 49985K [0x00000006c1e00000, 0x00000006cc900000, 0x000000076b500000)
  object space 175104K, 28% used [0x00000006c1e00000,0x00000006c4ed07d0,0x00000006cc900000)
 Metaspace       used 6615K, capacity 6756K, committed 7040K, reserved 1056768K
  class space    used 737K, capacity 784K, committed 896K, reserved 1048576K
GC Heap History (10 events):
Event: 1.619 GC heap before
{Heap before GC invocations=3 (full 0):
 PSYoungGen      total 141824K, used 141792K [0x000000076b500000, 0x0000000774a00000, 0x00000007c0000000)
  eden space 131072K, 100% used [0x000000076b500000,0x0000000773500000,0x0000000773500000)
  from space 10752K, 99% used [0x0000000773f80000,0x00000007749f8180,0x0000000774a00000)
  to   space 10752K, 0% used [0x0000000773500000,0x0000000773500000,0x0000000773f80000)
 ParOldGen       total 175104K, used 21841K [0x00000006c1e00000, 0x00000006cc900000, 0x000000076b500000)
  object space 175104K, 12% used [0x00000006c1e00000,0x00000006c3354490,0x00000006cc900000)
 Metaspace       used 4668K, capacity 5268K, committed 5504K, reserved 1056768K
  class space    used 493K, capacity 528K, committed 640K, reserved 1048576K
Event: 1.644 GC heap after
Heap after GC invocations=3 (full 0):
 PSYoungGen      total 141824K, used 10720K [0x000000076b500000, 0x000000077ca00000, 0x00000007c0000000)
  eden space 131072K, 0% used [0x000000076b500000,0x000000076b500000,0x0000000773500000)
  from space 10752K, 99% used [0x0000000773500000,0x0000000773f78300,0x0000000773f80000)
  to   space 10752K, 0% used [0x000000077bf80000,0x000000077bf80000,0x000000077ca00000)
 ParOldGen       total 175104K, used 44201K [0x00000006c1e00000, 0x00000006cc900000, 0x000000076b500000)
  object space 175104K, 25% used [0x00000006c1e00000,0x00000006c492a510,0x00000006cc900000)
 Metaspace       used 4668K, capacity 5268K, committed 5504K, reserved 1056768K
  class space    used 493K, capacity 528K, committed 640K, reserved 1048576K
}
Event: 1.807 GC heap before
{Heap before GC invocations=4 (full 0):
 PSYoungGen      total 141824K, used 141792K [0x000000076b500000, 0x000000077ca00000, 0x00000007c0000000)
  eden space 131072K, 100% used [0x000000076b500000,0x0000000773500000,0x0000000773500000)
  from space 10752K, 99% used [0x0000000773500000,0x0000000773f78300,0x0000000773f80000)
  to   space 10752K, 0% used [0x000000077bf80000,0x000000077bf80000,0x000000077ca00000)
 ParOldGen       total 175104K, used 44201K [0x00000006c1e00000, 0x00000006cc900000, 0x000000076b500000)
  object space 175104K, 25% used [0x00000006c1e00000,0x00000006c492a510,0x00000006cc900000)
 Metaspace       used 4679K, capacity 5332K, committed 5504K, reserved 1056768K
  class space    used 494K, capacity 528K, committed 640K, reserved 1048576K
Event: 1.815 GC heap after
Heap after GC invocations=4 (full 0):
 PSYoungGen      total 272896K, used 10736K [0x000000076b500000, 0x000000077ca00000, 0x00000007c0000000)
  eden space 262144K, 0% used [0x000000076b500000,0x000000076b500000,0x000000077b500000)
  from space 10752K, 99% used [0x000000077bf80000,0x000000077c9fc2b0,0x000000077ca00000)
  to   space 10752K, 0% used [0x000000077b500000,0x000000077b500000,0x000000077bf80000)
 ParOldGen       total 175104K, used 44401K [0x00000006c1e00000, 0x00000006cc900000, 0x000000076b500000)
  object space 175104K, 25% used [0x00000006c1e00000,0x00000006c495c510,0x00000006cc900000)
 Metaspace       used 4679K, capacity 5332K, committed 5504K, reserved 1056768K
  class space    used 494K, capacity 528K, committed 640K, reserved 1048576K
}
Event: 2.109 GC heap before
{Heap before GC invocations=5 (full 0):
 PSYoungGen      total 272896K, used 272880K [0x000000076b500000, 0x000000077ca00000, 0x00000007c0000000)
  eden space 262144K, 100% used [0x000000076b500000,0x000000077b500000,0x000000077b500000)
  from space 10752K, 99% used [0x000000077bf80000,0x000000077c9fc2b0,0x000000077ca00000)
  to   space 10752K, 0% used [0x000000077b500000,0x000000077b500000,0x000000077bf80000)
 ParOldGen       total 175104K, used 44401K [0x00000006c1e00000, 0x00000006cc900000, 0x000000076b500000)
  object space 175104K, 25% used [0x00000006c1e00000,0x00000006c495c510,0x00000006cc900000)
 Metaspace       used 4680K, capacity 5332K, committed 5504K, reserved 1056768K
  class space    used 494K, capacity 528K, committed 640K, reserved 1048576K
Event: 2.119 GC heap after
Heap after GC invocations=5 (full 0):
 PSYoungGen      total 272896K, used 10736K [0x000000076b500000, 0x000000078fd00000, 0x00000007c0000000)
  eden space 262144K, 0% used [0x000000076b500000,0x000000076b500000,0x000000077b500000)
  from space 10752K, 99% used [0x000000077b500000,0x000000077bf7c2b0,0x000000077bf80000)
  to   space 36864K, 0% used [0x000000078d900000,0x000000078d900000,0x000000078fd00000)
 ParOldGen       total 175104K, used 44737K [0x00000006c1e00000, 0x00000006cc900000, 0x000000076b500000)
  object space 175104K, 25% used [0x00000006c1e00000,0x00000006c49b0530,0x00000006cc900000)
 Metaspace       used 4680K, capacity 5332K, committed 5504K, reserved 1056768K
  class space    used 494K, capacity 528K, committed 640K, reserved 1048576K
}
Event: 2.357 GC heap before
{Heap before GC invocations=6 (full 0):
 PSYoungGen      total 272896K, used 272880K [0x000000076b500000, 0x000000078fd00000, 0x00000007c0000000)
  eden space 262144K, 100% used [0x000000076b500000,0x000000077b500000,0x000000077b500000)
  from space 10752K, 99% used [0x000000077b500000,0x000000077bf7c2b0,0x000000077bf80000)
  to   space 36864K, 0% used [0x000000078d900000,0x000000078d900000,0x000000078fd00000)
 ParOldGen       total 175104K, used 44737K [0x00000006c1e00000, 0x00000006cc900000, 0x000000076b500000)
  object space 175104K, 25% used [0x00000006c1e00000,0x00000006c49b0530,0x00000006cc900000)
 Metaspace       used 4680K, capacity 5332K, committed 5504K, reserved 1056768K
  class space    used 494K, capacity 528K, committed 640K, reserved 1048576K
Event: 2.366 GC heap after
Heap after GC invocations=6 (full 0):
 PSYoungGen      total 559104K, used 11072K [0x000000076b500000, 0x000000078fb00000, 0x00000007c0000000)
  eden space 524288K, 0% used [0x000000076b500000,0x000000076b500000,0x000000078b500000)
  from space 34816K, 31% used [0x000000078d900000,0x000000078e3d0300,0x000000078fb00000)
  to   space 35840K, 0% used [0x000000078b500000,0x000000078b500000,0x000000078d800000)
 ParOldGen       total 175104K, used 44737K [0x00000006c1e00000, 0x00000006cc900000, 0x000000076b500000)
  object space 175104K, 25% used [0x00000006c1e00000,0x00000006c49b0530,0x00000006cc900000)
 Metaspace       used 4680K, capacity 5332K, committed 5504K, reserved 1056768K
  class space    used 494K, capacity 528K, committed 640K, reserved 1048576K
}
Event: 2.972 GC heap before
{Heap before GC invocations=7 (full 0):
 PSYoungGen      total 559104K, used 535360K [0x000000076b500000, 0x000000078fb00000, 0x00000007c0000000)
  eden space 524288K, 100% used [0x000000076b500000,0x000000078b500000,0x000000078b500000)
  from space 34816K, 31% used [0x000000078d900000,0x000000078e3d0300,0x000000078fb00000)
  to   space 35840K, 0% used [0x000000078b500000,0x000000078b500000,0x000000078d800000)
 ParOldGen       total 175104K, used 44737K [0x00000006c1e00000, 0x00000006cc900000, 0x000000076b500000)
  object space 175104K, 25% used [0x00000006c1e00000,0x00000006c49b0530,0x00000006cc900000)
 Metaspace       used 4680K, capacity 5332K, committed 5504K, reserved 1056768K
  class space    used 494K, capacity 528K, committed 640K, reserved 1048576K
Event: 2.983 GC heap after
Heap after GC invocations=7 (full 0):
 PSYoungGen      total 560128K, used 6496K [0x000000076b500000, 0x00000007afc00000, 0x00000007c0000000)
  eden space 524288K, 0% used [0x000000076b500000,0x000000076b500000,0x000000078b500000)
  from space 35840K, 18% used [0x000000078b500000,0x000000078bb58160,0x000000078d800000)
  to   space 36352K, 0% used [0x00000007ad880000,0x00000007ad880000,0x00000007afc00000)
 ParOldGen       total 175104K, used 49985K [0x00000006c1e00000, 0x00000006cc900000, 0x000000076b500000)
  object space 175104K, 28% used [0x00000006c1e00000,0x00000006c4ed07d0,0x00000006cc900000)
 Metaspace       used 4680K, capacity 5332K, committed 5504K, reserved 1056768K
  class space    used 494K, capacity 528K, committed 640K, reserved 1048576K
}

