# JRE version: Java(TM) SE Runtime Environment (8.0_271-b09) (build 1.8.0_271-b09)
# Java VM: Java HotSpot(TM) 64-Bit Server VM (25.271-b09 mixed mode windows-amd64 compressed oops)
Heap:
 PSYoungGen      total 97792K, used 60981K [0x000000076b500000, 0x0000000772780000, 0x00000007c0000000)
  eden space 81408K, 72% used [0x000000076b500000,0x000000076ee755d8,0x0000000770480000)
  from space 16384K, 13% used [0x0000000771780000,0x0000000771998000,0x0000000772780000)
  to   space 17920K, 0% used [0x0000000770480000,0x0000000770480000,0x0000000771600000)
 ParOldGen       total 175104K, used 63845K [0x00000006c1e00000, 0x00000006cc900000, 0x000000076b500000)
  object space 175104K, 36% used [0x00000006c1e00000,0x00000006c5c59788,0x00000006cc900000)
 Metaspace       used 6571K, capacity 6692K, committed 7040K, reserved 1056768K
  class space    used 737K, capacity 784K, committed 896K, reserved 1048576K
GC Heap History (10 events):
Event: 2.831 GC heap before
{Heap before GC invocations=22 (full 0):
 PSYoungGen      total 76288K, used 65760K [0x000000076b500000, 0x0000000770a00000, 0x00000007c0000000)
  eden space 65536K, 100% used [0x000000076b500000,0x000000076f500000,0x000000076f500000)
  from space 10752K, 2% used [0x000000076f500000,0x000000076f538000,0x000000076ff80000)
  to   space 10752K, 0% used [0x000000076ff80000,0x000000076ff80000,0x0000000770a00000)
 ParOldGen       total 175104K, used 62885K [0x00000006c1e00000, 0x00000006cc900000, 0x000000076b500000)
  object space 175104K, 35% used [0x00000006c1e00000,0x00000006c5b69738,0x00000006cc900000)
 Metaspace       used 4642K, capacity 5268K, committed 5504K, reserved 1056768K
  class space    used 497K, capacity 528K, committed 640K, reserved 1048576K
Event: 2.832 GC heap after
Heap after GC invocations=22 (full 0):
 PSYoungGen      total 76288K, used 160K [0x000000076b500000, 0x0000000770a00000, 0x00000007c0000000)
  eden space 65536K, 0% used [0x000000076b500000,0x000000076b500000,0x000000076f500000)
  from space 10752K, 1% used [0x000000076ff80000,0x000000076ffa8000,0x0000000770a00000)
  to   space 10752K, 0% used [0x000000076f500000,0x000000076f500000,0x000000076ff80000)
 ParOldGen       total 175104K, used 62989K [0x00000006c1e00000, 0x00000006cc900000, 0x000000076b500000)
  object space 175104K, 35% used [0x00000006c1e00000,0x00000006c5b83748,0x00000006cc900000)
 Metaspace       used 4642K, capacity 5268K, committed 5504K, reserved 1056768K
  class space    used 497K, capacity 528K, committed 640K, reserved 1048576K
}
Event: 2.906 GC heap before
{Heap before GC invocations=23 (full 0):
 PSYoungGen      total 76288K, used 65696K [0x000000076b500000, 0x0000000770a00000, 0x00000007c0000000)
  eden space 65536K, 100% used [0x000000076b500000,0x000000076f500000,0x000000076f500000)
  from space 10752K, 1% used [0x000000076ff80000,0x000000076ffa8000,0x0000000770a00000)
  to   space 10752K, 0% used [0x000000076f500000,0x000000076f500000,0x000000076ff80000)
 ParOldGen       total 175104K, used 62989K [0x00000006c1e00000, 0x00000006cc900000, 0x000000076b500000)
  object space 175104K, 35% used [0x00000006c1e00000,0x00000006c5b83748,0x00000006cc900000)
 Metaspace       used 4642K, capacity 5268K, committed 5504K, reserved 1056768K
  class space    used 497K, capacity 528K, committed 640K, reserved 1048576K
Event: 2.907 GC heap after
Heap after GC invocations=23 (full 0):
 PSYoungGen      total 74752K, used 160K [0x000000076b500000, 0x0000000771e80000, 0x00000007c0000000)
  eden space 64000K, 0% used [0x000000076b500000,0x000000076b500000,0x000000076f380000)
  from space 10752K, 1% used [0x000000076f500000,0x000000076f528000,0x000000076ff80000)
  to   space 22016K, 0% used [0x0000000770900000,0x0000000770900000,0x0000000771e80000)
 ParOldGen       total 175104K, used 63093K [0x00000006c1e00000, 0x00000006cc900000, 0x000000076b500000)
  object space 175104K, 36% used [0x00000006c1e00000,0x00000006c5b9d748,0x00000006cc900000)
 Metaspace       used 4642K, capacity 5268K, committed 5504K, reserved 1056768K
  class space    used 497K, capacity 528K, committed 640K, reserved 1048576K
}
Event: 2.980 GC heap before
{Heap before GC invocations=24 (full 0):
 PSYoungGen      total 74752K, used 64160K [0x000000076b500000, 0x0000000771e80000, 0x00000007c0000000)
  eden space 64000K, 100% used [0x000000076b500000,0x000000076f380000,0x000000076f380000)
  from space 10752K, 1% used [0x000000076f500000,0x000000076f528000,0x000000076ff80000)
  to   space 22016K, 0% used [0x0000000770900000,0x0000000770900000,0x0000000771e80000)
 ParOldGen       total 175104K, used 63093K [0x00000006c1e00000, 0x00000006cc900000, 0x000000076b500000)
  object space 175104K, 36% used [0x00000006c1e00000,0x00000006c5b9d748,0x00000006cc900000)
 Metaspace       used 4642K, capacity 5268K, committed 5504K, reserved 1056768K
  class space    used 497K, capacity 528K, committed 640K, reserved 1048576K
Event: 2.981 GC heap after
Heap after GC invocations=24 (full 0):
 PSYoungGen      total 80896K, used 192K [0x000000076b500000, 0x0000000771b00000, 0x00000007c0000000)
  eden space 62464K, 0% used [0x000000076b500000,0x000000076b500000,0x000000076f200000)
  from space 18432K, 1% used [0x0000000770900000,0x0000000770930000,0x0000000771b00000)
  to   space 20992K, 0% used [0x000000076f200000,0x000000076f200000,0x0000000770680000)
 ParOldGen       total 175104K, used 63173K [0x00000006c1e00000, 0x00000006cc900000, 0x000000076b500000)
  object space 175104K, 36% used [0x00000006c1e00000,0x00000006c5bb1748,0x00000006cc900000)
 Metaspace       used 4642K, capacity 5268K, committed 5504K, reserved 1056768K
  class space    used 497K, capacity 528K, committed 640K, reserved 1048576K
}
Event: 3.054 GC heap before
{Heap before GC invocations=25 (full 0):
 PSYoungGen      total 80896K, used 62656K [0x000000076b500000, 0x0000000771b00000, 0x00000007c0000000)
  eden space 62464K, 100% used [0x000000076b500000,0x000000076f200000,0x000000076f200000)
  from space 18432K, 1% used [0x0000000770900000,0x0000000770930000,0x0000000771b00000)
  to   space 20992K, 0% used [0x000000076f200000,0x000000076f200000,0x0000000770680000)
 ParOldGen       total 175104K, used 63173K [0x00000006c1e00000, 0x00000006cc900000, 0x000000076b500000)
  object space 175104K, 36% used [0x00000006c1e00000,0x00000006c5bb1748,0x00000006cc900000)
 Metaspace       used 4643K, capacity 5268K, committed 5504K, reserved 1056768K
  class space    used 497K, capacity 528K, committed 640K, reserved 1048576K
Event: 3.055 GC heap after
Heap after GC invocations=25 (full 0):
 PSYoungGen      total 83456K, used 608K [0x000000076b500000, 0x0000000772a80000, 0x00000007c0000000)
  eden space 62464K, 0% used [0x000000076b500000,0x000000076b500000,0x000000076f200000)
  from space 20992K, 2% used [0x000000076f200000,0x000000076f298020,0x0000000770680000)
  to   space 19456K, 0% used [0x0000000771780000,0x0000000771780000,0x0000000772a80000)
 ParOldGen       total 175104K, used 63245K [0x00000006c1e00000, 0x00000006cc900000, 0x000000076b500000)
  object space 175104K, 36% used [0x00000006c1e00000,0x00000006c5bc3748,0x00000006cc900000)
 Metaspace       used 4643K, capacity 5268K, committed 5504K, reserved 1056768K
  class space    used 497K, capacity 528K, committed 640K, reserved 1048576K
}
Event: 3.166 GC heap before
{Heap before GC invocations=26 (full 0):
 PSYoungGen      total 83456K, used 63072K [0x000000076b500000, 0x0000000772a80000, 0x00000007c0000000)
  eden space 62464K, 100% used [0x000000076b500000,0x000000076f200000,0x000000076f200000)
  from space 20992K, 2% used [0x000000076f200000,0x000000076f298020,0x0000000770680000)
  to   space 19456K, 0% used [0x0000000771780000,0x0000000771780000,0x0000000772a80000)
 ParOldGen       total 175104K, used 63245K [0x00000006c1e00000, 0x00000006cc900000, 0x000000076b500000)
  object space 175104K, 36% used [0x00000006c1e00000,0x00000006c5bc3748,0x00000006cc900000)
 Metaspace       used 4643K, capacity 5268K, committed 5504K, reserved 1056768K
  class space    used 497K, capacity 528K, committed 640K, reserved 1048576K
Event: 3.169 GC heap after
Heap after GC invocations=26 (full 0):
 PSYoungGen      total 97792K, used 2144K [0x000000076b500000, 0x0000000772780000, 0x00000007c0000000)
  eden space 81408K, 0% used [0x000000076b500000,0x000000076b500000,0x0000000770480000)
  from space 16384K, 13% used [0x0000000771780000,0x0000000771998000,0x0000000772780000)
  to   space 17920K, 0% used [0x0000000770480000,0x0000000770480000,0x0000000771600000)
 ParOldGen       total 175104K, used 63845K [0x00000006c1e00000, 0x00000006cc900000, 0x000000076b500000)
  object space 175104K, 36% used [0x00000006c1e00000,0x00000006c5c59788,0x00000006cc900000)
 Metaspace       used 4643K, capacity 5268K, committed 5504K, reserved 1056768K
  class space    used 497K, capacity 528K, committed 640K, reserved 1048576K
}

